0 info it worked if it ends with ok
1 verbose cli [ '/Users/twilorip/.nvm/versions/node/v4.2.2/bin/node',
1 verbose cli   '/Users/twilorip/.nvm/versions/node/v4.2.2/bin/npm',
1 verbose cli   'start' ]
2 info using npm@3.4.0
3 info using node@v4.2.2
4 verbose stack Error: ENOENT: no such file or directory, open '/Users/twilorip/WDI/bucketlist/package.json'
4 verbose stack     at Error (native)
5 verbose cwd /Users/twilorip/WDI/bucketlist
6 error Darwin 14.5.0
7 error argv "/Users/twilorip/.nvm/versions/node/v4.2.2/bin/node" "/Users/twilorip/.nvm/versions/node/v4.2.2/bin/npm" "start"
8 error node v4.2.2
9 error npm  v3.4.0
10 error path /Users/twilorip/WDI/bucketlist/package.json
11 error code ENOENT
12 error errno -2
13 error syscall open
14 error enoent ENOENT: no such file or directory, open '/Users/twilorip/WDI/bucketlist/package.json'
14 error enoent This is most likely not a problem with npm itself
14 error enoent and is related to npm not being able to find a file.
15 verbose exit [ -2, true ]
